<?xml version="1.0" encoding="UTF-8"?>
<testsuite name="scrap.heap.refactor.AppTest" tests="1" skipped="0" failures="0" errors="0" timestamp="2019-10-18T07:21:24" hostname="Khois-MacBook-Pro.local" time="0.002">
  <properties/>
  <testcase name="testAppHasAGreeting" classname="scrap.heap.refactor.AppTest" time="0.002"/>
  <system-out><![CDATA[]]></system-out>
  <system-err><![CDATA[]]></system-err>
</testsuite>
